Oct 07 01:35:11.001 ERRO Compilation of your program failed. stderr:

   Compiling wazf v0.1.0 (/var/www/wasm-fzf)
error[E0425]: cannot find value `word_scoreing_list` in this scope

warning: unreachable statement
  |
  = note: #[warn(unreachable_code)] on by default

error[E0308]: mismatched types
  |
  = note: expected type `()`
             found type `std::string::String`

error: aborting due to 2 previous errors

Some errors occurred: E0308, E0425.
For more information about an error, try `rustc --explain E0308`.
error: Could not compile `wazf`.

To learn more, run the command again with --verbose.

Oct 07 01:35:45.002 ERRO Compilation of your program failed. stderr:

   Compiling wazf v0.1.0 (/var/www/wasm-fzf)
error[E0425]: cannot find value `word_scoreing_list` in this scope

warning: unreachable statement
  |
  = note: #[warn(unreachable_code)] on by default

error[E0308]: mismatched types
  |
  = note: expected type `()`
             found type `std::string::String`

error: aborting due to 2 previous errors

Some errors occurred: E0308, E0425.
For more information about an error, try `rustc --explain E0308`.
error: Could not compile `wazf`.

To learn more, run the command again with --verbose.

Oct 07 01:36:48.163 ERRO Compilation of your program failed. stderr:

   Compiling wazf v0.1.0 (/var/www/wasm-fzf)
error[E0425]: cannot find value `word_scoreing_list` in this scope

error[E0308]: mismatched types
  |
  = note: expected type `()`
             found type `std::string::String`

error: aborting due to 2 previous errors

Some errors occurred: E0308, E0425.
For more information about an error, try `rustc --explain E0308`.
error: Could not compile `wazf`.

To learn more, run the command again with --verbose.

Oct 07 01:38:45.017 ERRO Compilation of your program failed. stderr:

   Compiling wazf v0.1.0 (/var/www/wasm-fzf)
error[E0308]: mismatched types
  |
  = note: expected type `()`
             found type `std::string::String`

error: aborting due to previous error

For more information about this error, try `rustc --explain E0308`.
error: Could not compile `wazf`.

To learn more, run the command again with --verbose.

